-------------------------------------------------------------------------------
Test set: com.example.demo.CdgApplicationTests
-------------------------------------------------------------------------------
Tests run: 1, Failures: 0, Errors: 1, Skipped: 0, Time elapsed: 0.435 s <<< FAILURE! - in com.example.demo.CdgApplicationTests
com.example.demo.CdgApplicationTests  Time elapsed: 0.428 s  <<< ERROR!
java.lang.IllegalStateException: Unable to find a @SpringBootConfiguration, you need to use @ContextConfiguration or @SpringBootTest(classes=...) with your test

